<?xml version="1.0" encoding="UTF-8" ?>
<testsuite tests="10" failures="0" name="com.knoldus.kup.ClassRoomTest" time="0.116" errors="0" skipped="0">
  <properties>
    <property name="java.runtime.name" value="OpenJDK Runtime Environment"/>
    <property name="java.vm.version" value="11.0.13+8-Ubuntu-0ubuntu1.20.04"/>
    <property name="sun.boot.library.path" value="/usr/lib/jvm/java-11-openjdk-amd64/lib"/>
    <property name="maven.multiModuleProjectDirectory" value="/home/knoldus/Desktop/Java_Basic_Class_Optional_Assign-master"/>
    <property name="java.vm.vendor" value="Ubuntu"/>
    <property name="java.vendor.url" value="https://ubuntu.com/"/>
    <property name="guice.disable.misplaced.annotation.check" value="true"/>
    <property name="path.separator" value=":"/>
    <property name="java.vm.name" value="OpenJDK 64-Bit Server VM"/>
    <property name="sun.os.patch.level" value="unknown"/>
    <property name="user.country" value="IN"/>
    <property name="sun.java.launcher" value="SUN_STANDARD"/>
    <property name="java.vm.specification.name" value="Java Virtual Machine Specification"/>
    <property name="user.dir" value="/home/knoldus/Desktop/Java_Basic_Class_Optional_Assign-master"/>
    <property name="java.vm.compressedOopsMode" value="Zero based"/>
    <property name="java.runtime.version" value="11.0.13+8-Ubuntu-0ubuntu1.20.04"/>
    <property name="java.awt.graphicsenv" value="sun.awt.X11GraphicsEnvironment"/>
    <property name="os.arch" value="amd64"/>
    <property name="java.io.tmpdir" value="/tmp"/>
    <property name="line.separator" value="
"/>
    <property name="java.vm.specification.vendor" value="Oracle Corporation"/>
    <property name="os.name" value="Linux"/>
    <property name="classworlds.conf" value="/opt/apache-maven/bin/m2.conf"/>
    <property name="sun.jnu.encoding" value="UTF-8"/>
    <property name="java.library.path" value="/usr/java/packages/lib:/usr/lib/x86_64-linux-gnu/jni:/lib/x86_64-linux-gnu:/usr/lib/x86_64-linux-gnu:/usr/lib/jni:/lib:/usr/lib"/>
    <property name="maven.conf" value="/opt/apache-maven/conf"/>
    <property name="jdk.debug" value="release"/>
    <property name="java.class.version" value="55.0"/>
    <property name="java.specification.name" value="Java Platform API Specification"/>
    <property name="sun.management.compiler" value="HotSpot 64-Bit Tiered Compilers"/>
    <property name="os.version" value="5.11.0-44-generic"/>
    <property name="library.jansi.path" value="/opt/apache-maven/lib/jansi-native"/>
    <property name="user.home" value="/home/knoldus"/>
    <property name="user.timezone" value="Asia/Kolkata"/>
    <property name="java.awt.printerjob" value="sun.print.PSPrinterJob"/>
    <property name="file.encoding" value="UTF-8"/>
    <property name="java.specification.version" value="11"/>
    <property name="user.name" value="knoldus"/>
    <property name="java.class.path" value="/opt/apache-maven/boot/plexus-classworlds-2.6.0.jar"/>
    <property name="java.vm.specification.version" value="11"/>
    <property name="sun.arch.data.model" value="64"/>
    <property name="sun.java.command" value="org.codehaus.plexus.classworlds.launcher.Launcher test"/>
    <property name="java.home" value="/usr/lib/jvm/java-11-openjdk-amd64"/>
    <property name="user.language" value="en"/>
    <property name="java.specification.vendor" value="Oracle Corporation"/>
    <property name="awt.toolkit" value="sun.awt.X11.XToolkit"/>
    <property name="java.vm.info" value="mixed mode, sharing"/>
    <property name="java.version" value="11.0.13"/>
    <property name="securerandom.source" value="file:/dev/./urandom"/>
    <property name="java.vendor" value="Ubuntu"/>
    <property name="maven.home" value="/opt/apache-maven"/>
    <property name="file.separator" value="/"/>
    <property name="java.version.date" value="2021-10-19"/>
    <property name="java.vendor.url.bug" value="https://bugs.launchpad.net/ubuntu/+source/openjdk-lts"/>
    <property name="sun.io.unicode.encoding" value="UnicodeLittle"/>
    <property name="sun.cpu.endian" value="little"/>
    <property name="sun.desktop" value="gnome"/>
    <property name="sun.cpu.isalist" value=""/>
  </properties>
  <testcase classname="com.knoldus.kup.ClassRoomTest" name="GetRoomId_AndReturnCorrectRoomId" time="0.021"/>
  <testcase classname="com.knoldus.kup.ClassRoomTest" name="GetDifferentSubjectsThroughRoomId_AndToReturnNullIfSubjectsNotFoundByRoomId" time="0.001"/>
  <testcase classname="com.knoldus.kup.ClassRoomTest" name="testStudents_AndReturnStringMessageIfHaveStudents" time="0.001"/>
  <testcase classname="com.knoldus.kup.ClassRoomTest" name="testToString" time="0.067"/>
  <testcase classname="com.knoldus.kup.ClassRoomTest" name="GetStudentsHavingNoSubject_AndReturnCorrectList" time="0.009"/>
  <testcase classname="com.knoldus.kup.ClassRoomTest" name="SetRoomId_AndReturnCorrectRoomId" time="0.002"/>
  <testcase classname="com.knoldus.kup.ClassRoomTest" name="setStudentList_AndReturnCorrectSetStudentsList" time="0.002"/>
  <testcase classname="com.knoldus.kup.ClassRoomTest" name="getStudentList_AndReturnCorrectStudentsList" time="0.001"/>
  <testcase classname="com.knoldus.kup.ClassRoomTest" name="testStudents_AndReturnEmptyStringIfNotHaveAnyStudents" time="0.001"/>
  <testcase classname="com.knoldus.kup.ClassRoomTest" name="GetDifferentSubjectsThroughRoomId_AndCorrectIfSubjectsFoundByRoomId" time="0.011"/>
</testsuite>